<?xml version="1.0" encoding="UTF-8"?>
<!-- Generated by org.testng.reporters.JUnitReportReporter -->
<testsuite skipped="0" hostname="Praful" name="TestLayer.HomePageTest" tests="2" failures="0" timestamp="18 May 2021 02:03:48 GMT" time="21.491" errors="0">
  <testcase name="verifyHomepage" time="12.963" classname="TestLayer.HomePageTest"/>
  <testcase name="verifytitle" time="8.528" classname="TestLayer.HomePageTest"/>
</testsuite> <!-- TestLayer.HomePageTest -->
