<?xml version="1.0" encoding="UTF-8"?>
<!-- Generated by org.testng.reporters.JUnitReportReporter -->
<testsuite skipped="0" hostname="Praful" name="TestLayer.loginPageTest" tests="1" failures="0" timestamp="16 May 2021 11:04:48 GMT" time="14.269" errors="0">
  <testcase name="loginFunctionality" time="14.269" classname="TestLayer.loginPageTest"/>
</testsuite> <!-- TestLayer.loginPageTest -->
